Nov 05 19:06:38 program_name [812]: starting thread (client mode): 0xa33f3210
Nov 05 19:06:38 program_name [812]: Local version/idstring: SSH-2.0-paramiko_2.6.0
Nov 05 19:06:38 program_name [812]: Remote version/idstring: SSH-2.0-OpenSSH_7.6p1 Ubuntu-4ubuntu0.3
Nov 05 19:06:38 program_name [812]: Connected (version 2.0, client OpenSSH_7.6p1)
Nov 05 19:06:38 program_name [812]: kex algos:['curve25519-sha256', 'curve25519-sha256@libssh.org', 'ecdh-sha2-nistp256', 'ecdh-sha2-nistp384', 'ecdh-sha2-nistp521', 'diffie-hellman-group-exchange-sha256', 'diffie-hellman-group16-sha512', 'diffie-hellman-group18-sha512', 'diffie-hellman-group14-sha256', 'diffie-hellman-group14-sha1'] server key:['ssh-rsa', 'rsa-sha2-512', 'rsa-sha2-256', 'ecdsa-sha2-nistp256', 'ssh-ed25519'] client encrypt:['chacha20-poly1305@openssh.com', 'aes128-ctr', 'aes192-ctr', 'aes256-ctr', 'aes128-gcm@openssh.com', 'aes256-gcm@openssh.com'] server encrypt:['chacha20-poly1305@openssh.com', 'aes128-ctr', 'aes192-ctr', 'aes256-ctr', 'aes128-gcm@openssh.com', 'aes256-gcm@openssh.com'] client mac:['umac-64-etm@openssh.com', 'umac-128-etm@openssh.com', 'hmac-sha2-256-etm@openssh.com', 'hmac-sha2-512-etm@openssh.com', 'hmac-sha1-etm@openssh.com', 'umac-64@openssh.com', 'umac-128@openssh.com', 'hmac-sha2-256', 'hmac-sha2-512', 'hmac-sha1'] server mac:['umac-64-etm@openssh.com', 'umac-128-etm@openssh.com', 'hmac-sha2-256-etm@openssh.com', 'hmac-sha2-512-etm@openssh.com', 'hmac-sha1-etm@openssh.com', 'umac-64@openssh.com', 'umac-128@openssh.com', 'hmac-sha2-256', 'hmac-sha2-512', 'hmac-sha1'] client compress:['none', 'zlib@openssh.com'] server compress:['none', 'zlib@openssh.com'] client lang:[''] server lang:[''] kex follows?False
Nov 05 19:06:38 program_name [812]: Kex agreed: curve25519-sha256@libssh.org
Nov 05 19:06:38 program_name [812]: HostKey agreed: ssh-ed25519
Nov 05 19:06:38 program_name [812]: Cipher agreed: aes128-ctr
Nov 05 19:06:38 program_name [812]: MAC agreed: hmac-sha2-256
Nov 05 19:06:38 program_name [812]: Compression agreed: none
Nov 05 19:06:38 program_name [812]: kex engine KexCurve25519 specified hash_algo <built-in function openssl_sha256>
Nov 05 19:06:38 program_name [812]: Switch to new keys ...
Nov 05 19:06:38 program_name [812]: Adding ssh-ed25519 host key for [212.109.193.210]:22556: b'db4ace2f99797b3759178d643709530e'
Nov 05 19:06:38 program_name [812]: Trying SSH key b'c47124f1a6646020687970b6d5cbebac'
Nov 05 19:06:38 program_name [812]: userauth is OK
Nov 05 19:06:38 program_name [812]: Authentication (publickey) successful!
Nov 05 19:06:38 program_name [812]: [chan 0] Max packet in: 32768 bytes
Nov 05 19:06:39 program_name [812]: Received global request "hostkeys-00@openssh.com"
Nov 05 19:06:39 program_name [812]: Rejecting "hostkeys-00@openssh.com" global request from server.
Nov 05 19:06:39 program_name [812]: [chan 0] Max packet out: 32768 bytes
Nov 05 19:06:39 program_name [812]: Secsh channel 0 opened.
Nov 05 19:06:39 program_name [812]: [chan 0] Sesch channel 0 request ok
Nov 05 19:06:39 program_name [812]: [chan 0] EOF received (0)
Nov 05 19:06:39 program_name [812]: [chan 0] EOF sent (0)
Nov 05 19:06:39 program_name [812]: starting thread (client mode): 0xa31f53d0
Nov 05 19:06:39 program_name [812]: Local version/idstring: SSH-2.0-paramiko_2.6.0
Nov 05 19:06:39 program_name [812]: Remote version/idstring: SSH-2.0-OpenSSH_7.6p1 Ubuntu-4ubuntu0.3
Nov 05 19:06:39 program_name [812]: Connected (version 2.0, client OpenSSH_7.6p1)
Nov 05 19:06:39 program_name [812]: kex algos:['curve25519-sha256', 'curve25519-sha256@libssh.org', 'ecdh-sha2-nistp256', 'ecdh-sha2-nistp384', 'ecdh-sha2-nistp521', 'diffie-hellman-group-exchange-sha256', 'diffie-hellman-group16-sha512', 'diffie-hellman-group18-sha512', 'diffie-hellman-group14-sha256', 'diffie-hellman-group14-sha1'] server key:['ssh-rsa', 'rsa-sha2-512', 'rsa-sha2-256', 'ecdsa-sha2-nistp256', 'ssh-ed25519'] client encrypt:['chacha20-poly1305@openssh.com', 'aes128-ctr', 'aes192-ctr', 'aes256-ctr', 'aes128-gcm@openssh.com', 'aes256-gcm@openssh.com'] server encrypt:['chacha20-poly1305@openssh.com', 'aes128-ctr', 'aes192-ctr', 'aes256-ctr', 'aes128-gcm@openssh.com', 'aes256-gcm@openssh.com'] client mac:['umac-64-etm@openssh.com', 'umac-128-etm@openssh.com', 'hmac-sha2-256-etm@openssh.com', 'hmac-sha2-512-etm@openssh.com', 'hmac-sha1-etm@openssh.com', 'umac-64@openssh.com', 'umac-128@openssh.com', 'hmac-sha2-256', 'hmac-sha2-512', 'hmac-sha1'] server mac:['umac-64-etm@openssh.com', 'umac-128-etm@openssh.com', 'hmac-sha2-256-etm@openssh.com', 'hmac-sha2-512-etm@openssh.com', 'hmac-sha1-etm@openssh.com', 'umac-64@openssh.com', 'umac-128@openssh.com', 'hmac-sha2-256', 'hmac-sha2-512', 'hmac-sha1'] client compress:['none', 'zlib@openssh.com'] server compress:['none', 'zlib@openssh.com'] client lang:[''] server lang:[''] kex follows?False
Nov 05 19:06:39 program_name [812]: Kex agreed: curve25519-sha256@libssh.org
Nov 05 19:06:39 program_name [812]: HostKey agreed: ssh-ed25519
Nov 05 19:06:39 program_name [812]: Cipher agreed: aes128-ctr
Nov 05 19:06:39 program_name [812]: MAC agreed: hmac-sha2-256
Nov 05 19:06:39 program_name [812]: Compression agreed: none
Nov 05 19:06:39 program_name [812]: EOF in transport thread
Nov 05 19:06:39 program_name [812]: kex engine KexCurve25519 specified hash_algo <built-in function openssl_sha256>
Nov 05 19:06:39 program_name [812]: Switch to new keys ...
Nov 05 19:06:39 program_name [812]: Adding ssh-ed25519 host key for [94.250.255.217]:22556: b'8fb9475282dbd9abebfcdb52c730d281'
Nov 05 19:06:39 program_name [812]: Trying SSH key b'1c13c5bf3f1a7d10cb752d10d393ba8f'
Nov 05 19:06:39 program_name [812]: userauth is OK
Nov 05 19:06:39 program_name [812]: Authentication (publickey) successful!
Nov 05 19:06:39 program_name [812]: [chan 0] Max packet in: 32768 bytes
Nov 05 19:06:39 program_name [812]: Received global request "hostkeys-00@openssh.com"
Nov 05 19:06:39 program_name [812]: Rejecting "hostkeys-00@openssh.com" global request from server.
Nov 05 19:06:40 program_name [812]: [chan 0] Max packet out: 32768 bytes
Nov 05 19:06:40 program_name [812]: Secsh channel 0 opened.
Nov 05 19:06:40 program_name [812]: [chan 0] Sesch channel 0 request ok
Nov 05 19:06:40 program_name [812]: [chan 0] EOF received (0)
Nov 05 19:06:40 program_name [812]: [chan 0] EOF sent (0)
Nov 05 19:06:40 program_name [812]: EOF in transport thread
Nov 05 19:06:40 program_name [812]: starting thread (client mode): 0xa31fe350
Nov 05 19:06:40 program_name [812]: Local version/idstring: SSH-2.0-paramiko_2.6.0
Nov 05 19:06:40 program_name [812]: Remote version/idstring: SSH-2.0-OpenSSH_7.9p1 Ubuntu-10
Nov 05 19:06:40 program_name [812]: Connected (version 2.0, client OpenSSH_7.9p1)
Nov 05 19:06:40 program_name [812]: kex algos:['curve25519-sha256', 'curve25519-sha256@libssh.org', 'ecdh-sha2-nistp256', 'ecdh-sha2-nistp384', 'ecdh-sha2-nistp521', 'diffie-hellman-group-exchange-sha256', 'diffie-hellman-group16-sha512', 'diffie-hellman-group18-sha512', 'diffie-hellman-group14-sha256', 'diffie-hellman-group14-sha1'] server key:['rsa-sha2-512', 'rsa-sha2-256', 'ssh-rsa', 'ecdsa-sha2-nistp256', 'ssh-ed25519'] client encrypt:['chacha20-poly1305@openssh.com', 'aes128-ctr', 'aes192-ctr', 'aes256-ctr', 'aes128-gcm@openssh.com', 'aes256-gcm@openssh.com'] server encrypt:['chacha20-poly1305@openssh.com', 'aes128-ctr', 'aes192-ctr', 'aes256-ctr', 'aes128-gcm@openssh.com', 'aes256-gcm@openssh.com'] client mac:['umac-64-etm@openssh.com', 'umac-128-etm@openssh.com', 'hmac-sha2-256-etm@openssh.com', 'hmac-sha2-512-etm@openssh.com', 'hmac-sha1-etm@openssh.com', 'umac-64@openssh.com', 'umac-128@openssh.com', 'hmac-sha2-256', 'hmac-sha2-512', 'hmac-sha1'] server mac:['umac-64-etm@openssh.com', 'umac-128-etm@openssh.com', 'hmac-sha2-256-etm@openssh.com', 'hmac-sha2-512-etm@openssh.com', 'hmac-sha1-etm@openssh.com', 'umac-64@openssh.com', 'umac-128@openssh.com', 'hmac-sha2-256', 'hmac-sha2-512', 'hmac-sha1'] client compress:['none', 'zlib@openssh.com'] server compress:['none', 'zlib@openssh.com'] client lang:[''] server lang:[''] kex follows?False
Nov 05 19:06:40 program_name [812]: Kex agreed: curve25519-sha256@libssh.org
Nov 05 19:06:40 program_name [812]: HostKey agreed: ssh-ed25519
Nov 05 19:06:40 program_name [812]: Cipher agreed: aes128-ctr
Nov 05 19:06:40 program_name [812]: MAC agreed: hmac-sha2-256
Nov 05 19:06:40 program_name [812]: Compression agreed: none
Nov 05 19:06:40 program_name [812]: kex engine KexCurve25519 specified hash_algo <built-in function openssl_sha256>
Nov 05 19:06:40 program_name [812]: Switch to new keys ...
Nov 05 19:06:40 program_name [812]: Adding ssh-ed25519 host key for [185.209.29.144]:22556: b'13dc45f337bc7d6ec99d2648e9dcc87c'
Nov 05 19:06:40 program_name [812]: Trying SSH key b'e7126a0810626e6d2f02ed8a45a95c9f'
Nov 05 19:06:40 program_name [812]: userauth is OK
Nov 05 19:06:40 program_name [812]: Authentication (publickey) successful!
Nov 05 19:06:40 program_name [812]: [chan 0] Max packet in: 32768 bytes
Nov 05 19:06:40 program_name [812]: Received global request "hostkeys-00@openssh.com"
Nov 05 19:06:40 program_name [812]: Rejecting "hostkeys-00@openssh.com" global request from server.
Nov 05 19:06:40 program_name [812]: Debug msg: b'/root/.ssh/authorized_keys:2: key options: agent-forwarding port-forwarding pty user-rc x11-forwarding'
Nov 05 19:06:40 program_name [812]: [chan 0] Max packet out: 32768 bytes
Nov 05 19:06:40 program_name [812]: Secsh channel 0 opened.
Nov 05 19:06:40 program_name [812]: [chan 0] Sesch channel 0 request ok
Nov 05 19:06:40 program_name [812]: [chan 0] EOF received (0)
Nov 05 19:06:40 program_name [812]: [chan 0] EOF sent (0)
Nov 05 19:06:40 program_name [812]: EOF in transport thread
Nov 05 19:08:41 [1537]: Error TEst
